/panfs/pan1.be-md.ncbi.nlm.nih.gov/gpipe/home/badrazat/projects/PacBio/CWL-tutorial/cwltool-git/venv/bin/cwltool 1.0.20180330141240
Resolved 'wf_taxonomy_check_16S.cwl' to 'file:///home/badrazat/github/repos/pgap/taxonomy_check_16S/wf_taxonomy_check_16S.cwl'
[workflow wf_taxonomy_check_16S.cwl] start
[step Format_16S_rRNA] start
[workflow Format_16S_rRNA] start
[step format_rrnas] start
[job format_rrnas] /tmp/tmpomq9zaqg$ docker \
    run \
    -i \
    --volume=/tmp/tmpomq9zaqg:/var/spool/cwl:rw \
    --volume=/tmp/tmpu0udc0kx:/tmp:rw \
    --volume=/home/badrazat/github/repos/pgap/taxonomy_check_16S/input/annot.ent:/var/lib/cwl/stg8253a67f-9b25-428b-be8c-0b49efc6ad2a/annot.ent:ro \
    --workdir=/var/spool/cwl \
    --read-only=true \
    --user=5371:536 \
    --rm \
    --env=TMPDIR=/tmp \
    --env=HOME=/var/spool/cwl \
    ncbi/taxonomy_check_16s:pgap4.4 \
    format_rrnas \
    -ifmt \
    seq-entry \
    -o \
    rrna.asn \
    -rrna-class \
    16S \
    -tmpinput \
    /var/lib/cwl/stg8253a67f-9b25-428b-be8c-0b49efc6ad2a/annot.ent
Registered feature notes: 0
[job format_rrnas] completed success
[step format_rrnas] completed success
[workflow Format_16S_rRNA] completed success
[step Format_16S_rRNA] completed success
[step Cache_Genomic_16S_Sequences] start
[workflow Cache_Genomic_16S_Sequences] start
[step prime_cache] start
[job prime_cache] /tmp/tmphdarbfmj$ docker \
    run \
    -i \
    --volume=/tmp/tmphdarbfmj:/var/spool/cwl:rw \
    --volume=/tmp/tmpb_mjzc0v:/tmp:rw \
    --volume=/tmp/tmpomq9zaqg/rrna.asn:/var/lib/cwl/stgdc24e170-8849-4e06-96f1-2ed681139663/rrna.asn:ro \
    --workdir=/var/spool/cwl \
    --read-only=true \
    --user=5371:536 \
    --rm \
    --env=TMPDIR=/tmp \
    --env=HOME=/var/spool/cwl \
    ncbi/taxonomy_check_16s:pgap4.4 \
    prime_cache \
    -cache \
    /var/spool/cwl/sequence_cache \
    -ifmt \
    asnb-seq-entry \
    -i \
    /var/lib/cwl/stgdc24e170-8849-4e06-96f1-2ed681139663/rrna.asn \
    -oseq-ids \
    oseq-ids.seqids
Cache Seq-entry: done, cached 1 items
[job prime_cache] completed success
[step prime_cache] completed success
[workflow Cache_Genomic_16S_Sequences] completed success
[step Cache_Genomic_16S_Sequences] completed success
[step BLAST_against_16S_rRNA_db_for_taxonomic_consistency_check] start
[workflow BLAST_against_16S_rRNA_db_for_taxonomic_consistency_check] start
[step gpx_qsubmit] start
[job gpx_qsubmit] /tmp/tmpml8_hi6c$ docker \
    run \
    -i \
    --volume=/tmp/tmpml8_hi6c:/var/spool/cwl:rw \
    --volume=/tmp/tmpu5ugkvls:/tmp:rw \
    --volume=/tmp/tmphdarbfmj/sequence_cache:/var/lib/cwl/stgde4aa5fd-6813-43ff-9601-70b00a8e7394/sequence_cache:ro \
    --volume=/tmp/tmphdarbfmj/oseq-ids.seqids:/var/lib/cwl/stg2ee54e5d-0d1f-4f85-8d3d-4d46605e45c6/oseq-ids.seqids:ro \
    --volume=/home/badrazat/github/repos/pgap/taxonomy_check_16S/input/16S_rRNA:/var/lib/cwl/stg0a6ab4b6-f9f9-427d-b918-b41e3d71b7f3/16S_rRNA:ro \
    --workdir=/var/spool/cwl \
    --read-only=true \
    --user=5371:536 \
    --rm \
    --env=TMPDIR=/tmp \
    --env=HOME=/var/spool/cwl \
    ncbi/taxonomy_check_16s:pgap4.4 \
    gpx_qsubmit \
    -affinity \
    subject \
    -asn-cache \
    /var/lib/cwl/stgde4aa5fd-6813-43ff-9601-70b00a8e7394/sequence_cache \
    -db \
    /var/lib/cwl/stg0a6ab4b6-f9f9-427d-b918-b41e3d71b7f3/16S_rRNA/blastdb \
    -ids \
    /var/lib/cwl/stg2ee54e5d-0d1f-4f85-8d3d-4d46605e45c6/oseq-ids.seqids \
    -max-batch-length \
    50000 \
    -nogenbank \
    -o \
    jobs.xml
[job gpx_qsubmit] completed success
[step gpx_qsubmit] completed success
[step blastn_wnode] start
[job blastn_wnode] /tmp/tmps_y4k6j4$ docker \
    run \
    -i \
    --volume=/tmp/tmps_y4k6j4:/var/spool/cwl:rw \
    --volume=/tmp/tmpgy4e5obc:/tmp:rw \
    --volume=/tmp/tmpml8_hi6c/jobs.xml:/var/lib/cwl/stgdd1ac4ad-a504-4933-87b2-2cf1fc66b80b/jobs.xml:ro \
    --volume=/tmp/tmphdarbfmj/sequence_cache:/var/lib/cwl/stg96a86fc9-48a8-4844-b739-a7aa7255e6f9/sequence_cache:ro \
    --volume=/home/badrazat/github/repos/pgap/taxonomy_check_16S/input/16S_rRNA:/var/lib/cwl/stga6a5efe5-b43d-448d-964c-78f2d1c44c1a/16S_rRNA:ro \
    --workdir=/var/spool/cwl \
    --read-only=true \
    --user=5371:536 \
    --rm \
    --env=TMPDIR=/tmp \
    --env=HOME=/var/spool/cwl \
    ncbi/taxonomy_check_16s:pgap4.4 \
    blastn_wnode \
    -asn-cache \
    /var/lib/cwl/stg96a86fc9-48a8-4844-b739-a7aa7255e6f9/sequence_cache \
    -blastdb \
    /var/lib/cwl/stga6a5efe5-b43d-448d-964c-78f2d1c44c1a/16S_rRNA/blastdb \
    -evalue \
    0.01 \
    -input-jobs \
    /var/lib/cwl/stgdd1ac4ad-a504-4933-87b2-2cf1fc66b80b/jobs.xml \
    -max_target_seqs \
    250 \
    -O \
    output \
    -soft_masking \
    true \
    -task \
    blastn \
    -word_size \
    12
"/home/gpipe/ncbi_cxx/src/internal/gpipe/asn_proc/tabular_fmt.cpp", line 221: Warning: (212.2) : static array type is not MT-safe: std::string[]
00001/000/0000/PB C1630001ADA79521 0002/0002 2018-04-20T23:35:46.299048 249f9a43e88d    UNK_CLIENT      UNK_SESSION              blastn_wnode start         /gpipe/bin/blastn_wnode -asn-cache /var/lib/cwl/stg96a86fc9-48a8-4844-b739-a7aa7255e6f9/sequence_cache -blastdb /var/lib/cwl/stga6a5efe5-b43d-448d-964c-78f2d1c44c1a/16S_rRNA/blastdb -evalue 0.01 -input-jobs /var/lib/cwl/stgdd1ac4ad-a504-4933-87b2-2cf1fc66b80b/jobs.xml -max_target_seqs 250 -O output -soft_masking true -task blastn -word_size 12
00001/000/0000/PB C1630001ADA79521 0003/0003 2018-04-20T23:35:46.302809 249f9a43e88d    UNK_CLIENT      UNK_SESSION              blastn_wnode extra         ncbi_app_username=&ncbi_app_path=/gpipe/bin/blastn_wnode&ncbi_app_build_date=Mar+13+2018+20:53:10&ncbi_app_version=0.0.0&ncbi_app_prod_version=20180128&ncbi_app_vcs_revision=559697
00001/000/0000/P  C1630001ADA79521 0004/0004 2018-04-20T23:35:46.451032 249f9a43e88d    UNK_CLIENT      C1630001ADA79521_0000SID blastn_wnode extra         issued_subhit=1
00001/000/0000/P  C1630001ADA79521 0005/0005 2018-04-20T23:35:46.545298 249f9a43e88d    UNK_CLIENT      C1630001ADA79521_0000SID blastn_wnode extra         issued_subhit=2
00001/000/0000/P  C1630001ADA79521 0006/0006 2018-04-20T23:35:46.612403 249f9a43e88d    UNK_CLIENT      C1630001ADA79521_0000SID blastn_wnode Info: LIB "wn_app.cpp", line 257: ncbi::CGPX_WorkerApp::Run() --- output path: /var/spool/cwl/output
00001/002/0001/RB C1630001ADA79521 0007/0001 2018-04-20T23:35:46.619938 249f9a43e88d    UNK_CLIENT      UNK_SESSION              blastn_wnode request-start internal_thread=input&input_cycle=0&ncbi_app_version=0.0.0&ncbi_app_prod_version=20180128&ncbi_app_vcs_revision=559697
00001/000/0003/RB C1630001ADA79521 0009/0007 2018-04-20T23:35:46.620045 249f9a43e88d    UNK_CLIENT      C1630001ADA79521_0003SID blastn_wnode request-start ncbi_app_version=0.0.0&ncbi_app_prod_version=20180128&ncbi_app_vcs_revision=559697
00001/001/0002/RB C1630001ADA79521 0008/0001 2018-04-20T23:35:46.620178 249f9a43e88d    UNK_CLIENT      UNK_SESSION              blastn_wnode request-start internal_thread=monitor&cpu_count=16&normalized_load=4&total_ram=134977265664&pct_ram_used=0&mem_total=107835392&mem_peak=107835392&mem_self=107835392&ncbi_app_version=0.0.0&ncbi_app_prod_version=20180128&ncbi_app_vcs_revision=559697
00001/000/0003/R  C1630001ADA79521 0010/0008 2018-04-20T23:35:46.620333 249f9a43e88d    UNK_CLIENT      C1630001ADA79521_0003SID blastn_wnode extra         available_cpus=16
00001/000/0003/R  C1630001ADA79521 0011/0009 2018-04-20T23:35:46.620517 249f9a43e88d    UNK_CLIENT      C1630001ADA79521_0003SID blastn_wnode extra         cpu_count=16&cpu_available=16&max_workers=16&active_workers=0&max_allowed_workers=16
00001/001/0002/RE C1630001ADA79521 0012/0002 2018-04-20T23:35:46.620843 249f9a43e88d    UNK_CLIENT      UNK_SESSION              blastn_wnode request-stop  200 0.000478029 0 0
00001/002/0001/R  C1630001ADA79521 0013/0002 2018-04-20T23:35:46.620897 249f9a43e88d    UNK_CLIENT      UNK_SESSION              blastn_wnode extra         requested_job_count=1&received_job_count=1
00001/002/0001/RE C1630001ADA79521 0014/0003 2018-04-20T23:35:46.621025 249f9a43e88d    UNK_CLIENT      UNK_SESSION              blastn_wnode request-stop  200 0.001167058 0 0
00001/002/0004/RB C1630001ADA79521 0015/0004 2018-04-20T23:35:46.621443 249f9a43e88d    UNK_CLIENT      UNK_SESSION              blastn_wnode request-start internal_thread=input&input_cycle=1&ncbi_app_version=0.0.0&ncbi_app_prod_version=20180128&ncbi_app_vcs_revision=559697
00001/002/0004/R  C1630001ADA79521 0016/0005 2018-04-20T23:35:46.621552 249f9a43e88d    UNK_CLIENT      UNK_SESSION              blastn_wnode extra         requested_job_count=1&received_job_count=0
00001/002/0004/RE C1630001ADA79521 0017/0006 2018-04-20T23:35:46.621610 249f9a43e88d    UNK_CLIENT      UNK_SESSION              blastn_wnode request-stop  200 0.000167131 0 0
00001/000/0003/RE C1630001ADA79521 0018/0010 2018-04-20T23:35:46.701586 249f9a43e88d    UNK_CLIENT      C1630001ADA79521_0003SID blastn_wnode request-stop  200 0.081512928 0 0
00001/004/0005/RB C1630001ADA79521 0019/0001 2018-04-20T23:35:46.701788 249f9a43e88d    UNK_CLIENT      UNK_SESSION              blastn_wnode request-start ncbi_app_version=0.0.0&ncbi_app_prod_version=20180128&ncbi_app_vcs_revision=559697
00001/004/0005/R  C1630001ADA79521 0020/0002 2018-04-20T23:35:46.706831 249f9a43e88d    UNK_CLIENT      UNK_SESSION              blastn_wnode extra         job_id=1&affinity=blastdb&input=<job+query%3D"lcl|_170007_171531"+subject%3D"/var/lib/cwl/stg0a6ab4b6-f9f9-427d-b918-b41e3d71b7f3/16S_rRNA/blastdb"></job>
00001/004/0005/R  C1630001ADA79521 0021/0003 2018-04-20T23:35:46.709257 249f9a43e88d    UNK_CLIENT      UNK_SESSION              blastn_wnode extra         dust=20+64+1&evalue=0.01&max_target_seqs=250&num_threads=1&off_diagonal_range=0&soft_masking=true&task=blastn&word_size=12
00001/004/0005/R  C1630001ADA79521 0022/0004 2018-04-20T23:35:46.718983 249f9a43e88d    UNK_CLIENT      UNK_SESSION              blastn_wnode Note[E]: SEQDB_READER(CSeqDBException::eFileErr) "seqdbalias.cpp", line 322: ncbi::CSeqDBAliasNode::x_ResolveNames() --- No alias or index file found for nucleotide database [/var/lib/cwl/stg0a6ab4b6-f9f9-427d-b918-b41e3d71b7f3/16S_rRNA/blastdb] in search path [/var/spool/cwl::]
00001/004/0005/R  C1630001ADA79521 0023/0005 2018-04-20T23:35:46.726214 249f9a43e88d    UNK_CLIENT      UNK_SESSION              blastn_wnode Error: SEQDB_READER(CException::eInvalid) "seqdbalias.cpp", line 322: ncbi::CSeqDBAliasNode::x_ResolveNames() --- No alias or index file found for nucleotide database [/var/lib/cwl/stg0a6ab4b6-f9f9-427d-b918-b41e3d71b7f3/16S_rRNA/blastdb] in search path [/var/spool/cwl::]
00001/004/0005/R  C1630001ADA79521 0024/0006 2018-04-20T23:35:46.726272 249f9a43e88d    UNK_CLIENT      UNK_SESSION              blastn_wnode Error: LIB "wn_worker_thread.cpp", line 259: ncbi::CWorkerThread::x_DoJob() --- error processing job: (CException::eInvalid) No alias or index file found for nucleotide database [/var/lib/cwl/stg0a6ab4b6-f9f9-427d-b918-b41e3d71b7f3/16S_rRNA/blastdb] in search path [/var/spool/cwl::]
00001/004/0005/RE C1630001ADA79521 0025/0007 2018-04-20T23:35:46.729371 249f9a43e88d    UNK_CLIENT      UNK_SESSION              blastn_wnode request-stop  500 0.027736902 0 0
00001/003/0006/RB C1630001ADA79521 0026/0001 2018-04-20T23:35:46.729988 249f9a43e88d    UNK_CLIENT      UNK_SESSION              blastn_wnode request-start internal_thread=output&processing_cycle=1&ncbi_app_version=0.0.0&ncbi_app_prod_version=20180128&ncbi_app_vcs_revision=559697
00001/003/0006/R  C1630001ADA79521 0027/0002 2018-04-20T23:35:46.730205 249f9a43e88d    UNK_CLIENT      UNK_SESSION              blastn_wnode extra         success_jobs=0&fail_jobs=1
00001/003/0006/R  C1630001ADA79521 0028/0003 2018-04-20T23:35:46.731189 249f9a43e88d    UNK_CLIENT      UNK_SESSION              blastn_wnode extra         attempts=1
00001/003/0006/RE C1630001ADA79521 0029/0004 2018-04-20T23:35:46.731330 249f9a43e88d    UNK_CLIENT      UNK_SESSION              blastn_wnode request-stop  200 0.001374006 0 0
00001/000/0000/PE C1630001ADA79521 0030/0011 2018-04-20T23:35:49.705587 249f9a43e88d    UNK_CLIENT      C1630001ADA79521_0000SID blastn_wnode extra         ncbi_phid=C1630001ADA795210000000000000001
00001/000/0000/PE C1630001ADA79521 0031/0012 2018-04-20T23:35:49.706346 249f9a43e88d    UNK_CLIENT      C1630001ADA79521_0000SID blastn_wnode stop          0 3.529543161
[job blastn_wnode] completed success
[step blastn_wnode] completed success
[step gpx_make_outputs] start
[job gpx_make_outputs] /tmp/tmp0jnt2wo0$ docker \
    run \
    -i \
    --volume=/tmp/tmp0jnt2wo0:/var/spool/cwl:rw \
    --volume=/tmp/tmpxr5u_fiv:/tmp:rw \
    --volume=/tmp/tmps_y4k6j4/output:/var/lib/cwl/stg9eeeb925-a697-4c07-b8ba-9c6b1caa12ef/output:ro \
    --workdir=/var/spool/cwl \
    --read-only=true \
    --user=5371:536 \
    --rm \
    --env=TMPDIR=/tmp \
    --env=HOME=/var/spool/cwl \
    ncbi/taxonomy_check_16s:pgap4.4 \
    gpx_make_outputs \
    -input-path \
    /var/lib/cwl/stg9eeeb925-a697-4c07-b8ba-9c6b1caa12ef/output \
    -num-partitions \
    1 \
    -output \
    blast.#.asn \
    -output-manifest \
    blastn.mft \
    -unzip \
    *

Make outputs
Make inputs: 1
Files found: 1
Total files: 1
Partition: 1 files.
Make queues
make readers
make writers
join...
exiting[job gpx_make_outputs] Job error:
Error collecting output for parameter 'blast_align':
../progs/gpx_make_outputs.cwl:103:7: Did not find output file with glob pattern: '['blast.*.asn']'
[job gpx_make_outputs] completed permanentFail
[step gpx_make_outputs] Output is missing expected field file:///home/badrazat/github/repos/pgap/task_types/tt_blastn_wnode.cwl#gpx_make_outputs/blast_align
[step gpx_make_outputs] completed permanentFail
[workflow BLAST_against_16S_rRNA_db_for_taxonomic_consistency_check] completed permanentFail
[step BLAST_against_16S_rRNA_db_for_taxonomic_consistency_check] completed permanentFail
[workflow wf_taxonomy_check_16S.cwl] completed permanentFail
{
    "Taxonomic_consistency_check_based_on_16S_Analysis___report": null
}
Final process status is permanentFail
