/panfs/pan1.be-md.ncbi.nlm.nih.gov/gpipe/home/badrazat/projects/PacBio/CWL-tutorial/cwltool-git/venv/bin/cwl-runner 1.0.20180330141240
Resolved 'wf_taxonomy_check_16S.cwl' to 'file:///home/badrazat/bitbucket/repos/cloud/pipelines/pgap/taxonomy_check_16S/wf_taxonomy_check_16S.cwl'
Tool definition failed validation:
wf_taxonomy_check_16S.cwl:13:1: checking field `steps`
wf_taxonomy_check_16S.cwl:28:3:   checking object `wf_taxonomy_check_16S.cwl#BLAST_against_16S_rRNA_db_for_taxonomic_consistency_check`
wf_taxonomy_check_16S.cwl:30:5:     checking field `in`
wf_taxonomy_check_16S.cwl:33:7:       checking object `wf_taxonomy_check_16S.cwl#BLAST_against_16S_rRNA_db_for_taxonomic_consistency_check/blastdb`
wf_taxonomy_check_16S.cwl:33:7:         Field `source` references unknown identifier `blastdb`, tried file:///home/badrazat/bitbucket/repos/cloud/pipelines/pgap/taxonomy_check_16S/wf_taxonomy_check_16S.cwl#blastdb
wf_taxonomy_check_16S.cwl:37:3:   checking object `wf_taxonomy_check_16S.cwl#Consolidate_alignments_for_taxonomic_consistency_check`
wf_taxonomy_check_16S.cwl:39:5:     checking field `in`
wf_taxonomy_check_16S.cwl:41:7:       checking object `wf_taxonomy_check_16S.cwl#Consolidate_alignments_for_taxonomic_consistency_check/blastdb`
wf_taxonomy_check_16S.cwl:41:7:         Field `source` references unknown identifier `blastdb`, tried file:///home/badrazat/bitbucket/repos/cloud/pipelines/pgap/taxonomy_check_16S/wf_taxonomy_check_16S.cwl#blastdb
wf_taxonomy_check_16S.cwl:59:3:   checking object `wf_taxonomy_check_16S.cwl#Taxonomic_consistency_check_based_on_16S_Analysis`
wf_taxonomy_check_16S.cwl:61:5:     checking field `in`
wf_taxonomy_check_16S.cwl:63:7:       checking object `wf_taxonomy_check_16S.cwl#Taxonomic_consistency_check_based_on_16S_Analysis/blastdb`
wf_taxonomy_check_16S.cwl:63:7:         Field `source` references unknown identifier `blastdb`, tried file:///home/badrazat/bitbucket/repos/cloud/pipelines/pgap/taxonomy_check_16S/wf_taxonomy_check_16S.cwl#blastdb
Traceback (most recent call last):
  File "/panfs/pan1.be-md.ncbi.nlm.nih.gov/gpipe/home/badrazat/projects/PacBio/CWL-tutorial/cwltool-git/venv/bin/cwl-runner", line 6, in <module>
    from pkg_resources import load_entry_point
  File "/panfs/pan1.be-md.ncbi.nlm.nih.gov/gpipe/home/badrazat/projects/PacBio/CWL-tutorial/cwltool-git/venv/lib/python3.4/site-packages/pkg_resources/__init__.py", line 3088, in <module>
    @_call_aside
  File "/panfs/pan1.be-md.ncbi.nlm.nih.gov/gpipe/home/badrazat/projects/PacBio/CWL-tutorial/cwltool-git/venv/lib/python3.4/site-packages/pkg_resources/__init__.py", line 3072, in _call_aside
    f(*args, **kwargs)
  File "/panfs/pan1.be-md.ncbi.nlm.nih.gov/gpipe/home/badrazat/projects/PacBio/CWL-tutorial/cwltool-git/venv/lib/python3.4/site-packages/pkg_resources/__init__.py", line 3101, in _initialize_master_working_set
    working_set = WorkingSet._build_master()
  File "/panfs/pan1.be-md.ncbi.nlm.nih.gov/gpipe/home/badrazat/projects/PacBio/CWL-tutorial/cwltool-git/venv/lib/python3.4/site-packages/pkg_resources/__init__.py", line 574, in _build_master
    ws.require(__requires__)
  File "/panfs/pan1.be-md.ncbi.nlm.nih.gov/gpipe/home/badrazat/projects/PacBio/CWL-tutorial/cwltool-git/venv/lib/python3.4/site-packages/pkg_resources/__init__.py", line 892, in require
    needed = self.resolve(parse_requirements(requirements))
  File "/panfs/pan1.be-md.ncbi.nlm.nih.gov/gpipe/home/badrazat/projects/PacBio/CWL-tutorial/cwltool-git/venv/lib/python3.4/site-packages/pkg_resources/__init__.py", line 761, in resolve
    if dist is None or (dist not in req and replace_conflicting):
  File "/panfs/pan1.be-md.ncbi.nlm.nih.gov/gpipe/home/badrazat/projects/PacBio/CWL-tutorial/cwltool-git/venv/lib/python3.4/site-packages/pkg_resources/__init__.py", line 2978, in __contains__
    return self.specifier.contains(item, prereleases=True)
  File "/panfs/pan1.be-md.ncbi.nlm.nih.gov/gpipe/home/badrazat/projects/PacBio/CWL-tutorial/cwltool-git/venv/lib/python3.4/site-packages/pkg_resources/_vendor/packaging/specifiers.py", line 726, in contains
    for s in self._specs
  File "/panfs/pan1.be-md.ncbi.nlm.nih.gov/gpipe/home/badrazat/projects/PacBio/CWL-tutorial/cwltool-git/venv/lib/python3.4/site-packages/pkg_resources/_vendor/packaging/specifiers.py", line 726, in <genexpr>
    for s in self._specs
  File "/panfs/pan1.be-md.ncbi.nlm.nih.gov/gpipe/home/badrazat/projects/PacBio/CWL-tutorial/cwltool-git/venv/lib/python3.4/site-packages/pkg_resources/_vendor/packaging/specifiers.py", line 180, in contains
    return self._get_operator(self.operator)(item, self.version)
  File "/panfs/pan1.be-md.ncbi.nlm.nih.gov/gpipe/home/badrazat/projects/PacBio/CWL-tutorial/cwltool-git/venv/lib/python3.4/site-packages/pkg_resources/_vendor/packaging/specifiers.py", line 137, in _get_operator
    return getattr(self, "_compare_{0}".format(self._operators[op]))
KeyboardInterrupt
